<?xml version="1.0" encoding="UTF-8" ?>
<testsuite failures="0" time="1.924" errors="7" skipped="0" tests="7" name="com.trustev.integration.TrustevClientTest">
  <properties>
    <property name="java.runtime.name" value="Java(TM) SE Runtime Environment"/>
    <property name="sun.boot.library.path" value="C:\Program Files\Java\jdk1.7.0_40\jre\bin"/>
    <property name="java.vm.version" value="24.0-b56"/>
    <property name="java.vm.vendor" value="Oracle Corporation"/>
    <property name="maven.multiModuleProjectDirectory" value="C:\Users\jack.mcauliffe\workspace\trustev-integration"/>
    <property name="java.vendor.url" value="http://java.oracle.com/"/>
    <property name="path.separator" value=";"/>
    <property name="guice.disable.misplaced.annotation.check" value="true"/>
    <property name="java.vm.name" value="Java HotSpot(TM) 64-Bit Server VM"/>
    <property name="file.encoding.pkg" value="sun.io"/>
    <property name="user.script" value=""/>
    <property name="user.country" value="IE"/>
    <property name="sun.java.launcher" value="SUN_STANDARD"/>
    <property name="sun.os.patch.level" value=""/>
    <property name="java.vm.specification.name" value="Java Virtual Machine Specification"/>
    <property name="user.dir" value="C:\Users\jack.mcauliffe\workspace\trustev-integration"/>
    <property name="java.runtime.version" value="1.7.0_40-b43"/>
    <property name="java.awt.graphicsenv" value="sun.awt.Win32GraphicsEnvironment"/>
    <property name="java.endorsed.dirs" value="C:\Program Files\Java\jdk1.7.0_40\jre\lib\endorsed"/>
    <property name="os.arch" value="amd64"/>
    <property name="java.io.tmpdir" value="C:\Users\JACK~1.MCA\AppData\Local\Temp\"/>
    <property name="line.separator" value="
"/>
    <property name="java.vm.specification.vendor" value="Oracle Corporation"/>
    <property name="user.variant" value=""/>
    <property name="os.name" value="Windows 8"/>
    <property name="classworlds.conf" value="C:\Program Files\Apache Software Foundation\apache-maven-3.3.3\bin\..\bin\m2.conf"/>
    <property name="sun.jnu.encoding" value="Cp1252"/>
    <property name="java.library.path" value="C:\Program Files\Java\jdk1.7.0_40\bin;C:\WINDOWS\Sun\Java\bin;C:\WINDOWS\system32;C:\WINDOWS;C:\Program Files (x86)\iis express\PHP\v5.4;C:\Program Files (x86)\iis express\PHP\v5.5;C:\Users\CKennedy\AMD APP SDK\2.9\bin\x86_64;C:\Users\CKennedy\AMD APP SDK\2.9\bin\x86;C:\Program Files (x86)\AMD APP SDK\2.9\bin\x86_64;C:\Program Files (x86)\AMD APP SDK\2.9\bin\x86;C:\Program Files (x86)\Intel\iCLS Client\;C:\Program Files\Intel\iCLS Client\;C:\WINDOWS\system32;C:\WINDOWS;C:\WINDOWS\System32\Wbem;C:\WINDOWS\System32\WindowsPowerShell\v1.0\;c:\Program Files (x86)\ATI Technologies\ATI.ACE\Core-Static;C:\Program Files\Microsoft SQL Server\110\Tools\Binn\;C:\Program Files (x86)\Microsoft ASP.NET\ASP.NET Web Pages\v1.0\;C:\;C:\Program Files\MySQL\MySQL Server 5.1\bin;C:\Program Files\Microsoft\Web Platform Installer\;C:\Program Files (x86)\Windows Kits\8.1\Windows Performance Toolkit\;c:\Program Files (x86)\Microsoft SQL Server\110\Tools\Binn\ManagementStudio\;c:\Program Files (x86)\Microsoft SQL Server\110\Tools\Binn\;c:\Program Files (x86)\Microsoft SQL Server\110\DTS\Binn\;C:\Program Files (x86)\Microsoft SQL Server\Client SDK\ODBC\110\Tools\Binn\;C:\Program Files (x86)\Microsoft SQL Server\120\Tools\Binn\;C:\Program Files (x86)\Microsoft SQL Server\120\DTS\Binn\;C:\Program Files (x86)\Microsoft SQL Server\120\Tools\Binn\ManagementStudio\;C:\Program Files (x86)\Microsoft Visual Studio 12.0\Common7\IDE\PrivateAssemblies\;C:\Program Files (x86)\Microsoft SDKs\TypeScript\1.0\;C:\Program Files\Microsoft SQL Server\120\Tools\Binn\;C:\Program Files (x86)\Microsoft SDKs\TypeScript\1.4\;C:\Program Files (x86)\Microsoft Team Foundation Server 2013 Power Tools\;C:\Program Files (x86)\Microsoft Team Foundation Server 2013 Power Tools\Best Practices Analyzer\;C:\Program Files\Apache Software Foundation\apache-maven-3.3.3\bin;C:\Program Files\Java\jdk1.7.0_40\bin;;C:\Program Files\Intel\Intel(R) Management Engine Components\DAL;C:\Program Files\Intel\Intel(R) Management Engine Components\IPT;C:\Program Files (x86)\Intel\Intel(R) Management Engine Components\DAL;C:\Program Files (x86)\Intel\Intel(R) Management Engine Components\IPT;."/>
    <property name="java.specification.name" value="Java Platform API Specification"/>
    <property name="java.class.version" value="51.0"/>
    <property name="sun.management.compiler" value="HotSpot 64-Bit Tiered Compilers"/>
    <property name="os.version" value="6.2"/>
    <property name="user.home" value="C:\Users\jack.mcauliffe"/>
    <property name="user.timezone" value="Europe/London"/>
    <property name="java.awt.printerjob" value="sun.awt.windows.WPrinterJob"/>
    <property name="java.specification.version" value="1.7"/>
    <property name="file.encoding" value="Cp1252"/>
    <property name="user.name" value="jack.mcauliffe"/>
    <property name="java.class.path" value="C:\Program Files\Apache Software Foundation\apache-maven-3.3.3\bin\..\boot\plexus-classworlds-2.5.2.jar"/>
    <property name="java.vm.specification.version" value="1.7"/>
    <property name="sun.arch.data.model" value="64"/>
    <property name="java.home" value="C:\Program Files\Java\jdk1.7.0_40\jre"/>
    <property name="sun.java.command" value="org.codehaus.plexus.classworlds.launcher.Launcher install"/>
    <property name="java.specification.vendor" value="Oracle Corporation"/>
    <property name="user.language" value="en"/>
    <property name="awt.toolkit" value="sun.awt.windows.WToolkit"/>
    <property name="java.vm.info" value="mixed mode"/>
    <property name="java.version" value="1.7.0_40"/>
    <property name="java.ext.dirs" value="C:\Program Files\Java\jdk1.7.0_40\jre\lib\ext;C:\WINDOWS\Sun\Java\lib\ext"/>
    <property name="sun.boot.class.path" value="C:\Program Files\Java\jdk1.7.0_40\jre\lib\resources.jar;C:\Program Files\Java\jdk1.7.0_40\jre\lib\rt.jar;C:\Program Files\Java\jdk1.7.0_40\jre\lib\sunrsasign.jar;C:\Program Files\Java\jdk1.7.0_40\jre\lib\jsse.jar;C:\Program Files\Java\jdk1.7.0_40\jre\lib\jce.jar;C:\Program Files\Java\jdk1.7.0_40\jre\lib\charsets.jar;C:\Program Files\Java\jdk1.7.0_40\jre\lib\jfr.jar;C:\Program Files\Java\jdk1.7.0_40\jre\classes"/>
    <property name="java.vendor" value="Oracle Corporation"/>
    <property name="maven.home" value="C:\Program Files\Apache Software Foundation\apache-maven-3.3.3\bin\.."/>
    <property name="file.separator" value="\"/>
    <property name="java.vendor.url.bug" value="http://bugreport.sun.com/bugreport/"/>
    <property name="sun.cpu.endian" value="little"/>
    <property name="sun.io.unicode.encoding" value="UnicodeLittle"/>
    <property name="sun.desktop" value="windows"/>
    <property name="sun.cpu.isalist" value="amd64"/>
  </properties>
  <testcase time="1.037" classname="com.trustev.integration.TrustevClientTest" name="testCustomerEndpoint">
    <error message="javax.net.ssl.SSLHandshakeException: sun.security.validator.ValidatorException: PKIX path building failed: sun.security.provider.certpath.SunCertPathBuilderException: unable to find valid certification path to requested target" type="com.sun.jersey.api.client.ClientHandlerException">com.sun.jersey.api.client.ClientHandlerException: javax.net.ssl.SSLHandshakeException: sun.security.validator.ValidatorException: PKIX path building failed: sun.security.provider.certpath.SunCertPathBuilderException: unable to find valid certification path to requested target
	at com.sun.jersey.client.urlconnection.URLConnectionClientHandler.handle(URLConnectionClientHandler.java:149)
	at com.sun.jersey.api.client.Client.handle(Client.java:648)
	at com.sun.jersey.api.client.WebResource.handle(WebResource.java:670)
	at com.sun.jersey.api.client.WebResource.access$200(WebResource.java:74)
	at com.sun.jersey.api.client.WebResource$Builder.method(WebResource.java:623)
	at com.trustev.integration.BaseObject.callApiMethod(BaseObject.java:78)
	at com.trustev.integration.BaseObject.GetApiTokenId(BaseObject.java:50)
	at com.trustev.integration.BaseObject.callApiMethod(BaseObject.java:72)
	at com.trustev.integration.BaseObject.callApiMethodFor(BaseObject.java:95)
	at com.trustev.integration.Case.Save(Case.java:201)
	at com.trustev.integration.TrustevClientTest.testCustomerEndpoint(TrustevClientTest.java:146)
	at sun.reflect.NativeMethodAccessorImpl.invoke0(Native Method)
	at sun.reflect.NativeMethodAccessorImpl.invoke(NativeMethodAccessorImpl.java:57)
	at sun.reflect.DelegatingMethodAccessorImpl.invoke(DelegatingMethodAccessorImpl.java:43)
	at java.lang.reflect.Method.invoke(Method.java:606)
	at junit.framework.TestCase.runTest(TestCase.java:168)
	at junit.framework.TestCase.runBare(TestCase.java:134)
	at junit.framework.TestResult$1.protect(TestResult.java:110)
	at junit.framework.TestResult.runProtected(TestResult.java:128)
	at junit.framework.TestResult.run(TestResult.java:113)
	at junit.framework.TestCase.run(TestCase.java:124)
	at junit.framework.TestSuite.runTest(TestSuite.java:243)
	at junit.framework.TestSuite.run(TestSuite.java:238)
	at org.junit.internal.runners.JUnit38ClassRunner.run(JUnit38ClassRunner.java:83)
	at org.apache.maven.surefire.junit4.JUnit4TestSet.execute(JUnit4TestSet.java:53)
	at org.apache.maven.surefire.junit4.JUnit4Provider.executeTestSet(JUnit4Provider.java:123)
	at org.apache.maven.surefire.junit4.JUnit4Provider.invoke(JUnit4Provider.java:104)
	at sun.reflect.NativeMethodAccessorImpl.invoke0(Native Method)
	at sun.reflect.NativeMethodAccessorImpl.invoke(NativeMethodAccessorImpl.java:57)
	at sun.reflect.DelegatingMethodAccessorImpl.invoke(DelegatingMethodAccessorImpl.java:43)
	at java.lang.reflect.Method.invoke(Method.java:606)
	at org.apache.maven.surefire.util.ReflectionUtils.invokeMethodWithArray(ReflectionUtils.java:164)
	at org.apache.maven.surefire.booter.ProviderFactory$ProviderProxy.invoke(ProviderFactory.java:110)
	at org.apache.maven.surefire.booter.SurefireStarter.invokeProvider(SurefireStarter.java:172)
	at org.apache.maven.surefire.booter.SurefireStarter.runSuitesInProcessWhenForked(SurefireStarter.java:104)
	at org.apache.maven.surefire.booter.ForkedBooter.main(ForkedBooter.java:70)
Caused by: javax.net.ssl.SSLHandshakeException: sun.security.validator.ValidatorException: PKIX path building failed: sun.security.provider.certpath.SunCertPathBuilderException: unable to find valid certification path to requested target
	at sun.security.ssl.Alerts.getSSLException(Alerts.java:192)
	at sun.security.ssl.SSLSocketImpl.fatal(SSLSocketImpl.java:1884)
	at sun.security.ssl.Handshaker.fatalSE(Handshaker.java:276)
	at sun.security.ssl.Handshaker.fatalSE(Handshaker.java:270)
	at sun.security.ssl.ClientHandshaker.serverCertificate(ClientHandshaker.java:1341)
	at sun.security.ssl.ClientHandshaker.processMessage(ClientHandshaker.java:153)
	at sun.security.ssl.Handshaker.processLoop(Handshaker.java:868)
	at sun.security.ssl.Handshaker.process_record(Handshaker.java:804)
	at sun.security.ssl.SSLSocketImpl.readRecord(SSLSocketImpl.java:1016)
	at sun.security.ssl.SSLSocketImpl.performInitialHandshake(SSLSocketImpl.java:1312)
	at sun.security.ssl.SSLSocketImpl.startHandshake(SSLSocketImpl.java:1339)
	at sun.security.ssl.SSLSocketImpl.startHandshake(SSLSocketImpl.java:1323)
	at sun.net.www.protocol.https.HttpsClient.afterConnect(HttpsClient.java:563)
	at sun.net.www.protocol.https.AbstractDelegateHttpsURLConnection.connect(AbstractDelegateHttpsURLConnection.java:185)
	at sun.net.www.protocol.http.HttpURLConnection.getOutputStream(HttpURLConnection.java:1091)
	at sun.net.www.protocol.https.HttpsURLConnectionImpl.getOutputStream(HttpsURLConnectionImpl.java:250)
	at com.sun.jersey.client.urlconnection.URLConnectionClientHandler$1$1.getOutputStream(URLConnectionClientHandler.java:225)
	at com.sun.jersey.api.client.CommittingOutputStream.commitWrite(CommittingOutputStream.java:117)
	at com.sun.jersey.api.client.CommittingOutputStream.write(CommittingOutputStream.java:89)
	at org.codehaus.jackson.impl.Utf8Generator._flushBuffer(Utf8Generator.java:1748)
	at org.codehaus.jackson.impl.Utf8Generator.flush(Utf8Generator.java:1082)
	at org.codehaus.jackson.map.ObjectMapper.writeValue(ObjectMapper.java:1606)
	at org.codehaus.jackson.jaxrs.JacksonJsonProvider.writeTo(JacksonJsonProvider.java:558)
	at com.sun.jersey.api.client.RequestWriter.writeRequestEntity(RequestWriter.java:300)
	at com.sun.jersey.client.urlconnection.URLConnectionClientHandler._invoke(URLConnectionClientHandler.java:204)
	at com.sun.jersey.client.urlconnection.URLConnectionClientHandler.handle(URLConnectionClientHandler.java:147)
	... 35 more
Caused by: sun.security.validator.ValidatorException: PKIX path building failed: sun.security.provider.certpath.SunCertPathBuilderException: unable to find valid certification path to requested target
	at sun.security.validator.PKIXValidator.doBuild(PKIXValidator.java:385)
	at sun.security.validator.PKIXValidator.engineValidate(PKIXValidator.java:292)
	at sun.security.validator.Validator.validate(Validator.java:260)
	at sun.security.ssl.X509TrustManagerImpl.validate(X509TrustManagerImpl.java:326)
	at sun.security.ssl.X509TrustManagerImpl.checkTrusted(X509TrustManagerImpl.java:231)
	at sun.security.ssl.X509TrustManagerImpl.checkServerTrusted(X509TrustManagerImpl.java:126)
	at sun.security.ssl.ClientHandshaker.serverCertificate(ClientHandshaker.java:1323)
	... 56 more
Caused by: sun.security.provider.certpath.SunCertPathBuilderException: unable to find valid certification path to requested target
	at sun.security.provider.certpath.SunCertPathBuilder.engineBuild(SunCertPathBuilder.java:196)
	at java.security.cert.CertPathBuilder.build(CertPathBuilder.java:268)
	at sun.security.validator.PKIXValidator.doBuild(PKIXValidator.java:380)
	... 62 more
</error>
  </testcase>
  <testcase time="0.167" classname="com.trustev.integration.TrustevClientTest" name="testGetDecision">
    <error message="javax.net.ssl.SSLHandshakeException: sun.security.validator.ValidatorException: PKIX path building failed: sun.security.provider.certpath.SunCertPathBuilderException: unable to find valid certification path to requested target" type="com.sun.jersey.api.client.ClientHandlerException">com.sun.jersey.api.client.ClientHandlerException: javax.net.ssl.SSLHandshakeException: sun.security.validator.ValidatorException: PKIX path building failed: sun.security.provider.certpath.SunCertPathBuilderException: unable to find valid certification path to requested target
	at com.sun.jersey.client.urlconnection.URLConnectionClientHandler.handle(URLConnectionClientHandler.java:149)
	at com.sun.jersey.api.client.Client.handle(Client.java:648)
	at com.sun.jersey.api.client.WebResource.handle(WebResource.java:670)
	at com.sun.jersey.api.client.WebResource.access$200(WebResource.java:74)
	at com.sun.jersey.api.client.WebResource$Builder.method(WebResource.java:623)
	at com.trustev.integration.BaseObject.callApiMethod(BaseObject.java:78)
	at com.trustev.integration.BaseObject.GetApiTokenId(BaseObject.java:50)
	at com.trustev.integration.BaseObject.callApiMethod(BaseObject.java:72)
	at com.trustev.integration.BaseObject.callApiMethodFor(BaseObject.java:95)
	at com.trustev.integration.Case.Save(Case.java:201)
	at com.trustev.integration.Case.MakeDecision(Case.java:173)
	at com.trustev.integration.TrustevClientTest.testGetDecision(TrustevClientTest.java:81)
	at sun.reflect.NativeMethodAccessorImpl.invoke0(Native Method)
	at sun.reflect.NativeMethodAccessorImpl.invoke(NativeMethodAccessorImpl.java:57)
	at sun.reflect.DelegatingMethodAccessorImpl.invoke(DelegatingMethodAccessorImpl.java:43)
	at java.lang.reflect.Method.invoke(Method.java:606)
	at junit.framework.TestCase.runTest(TestCase.java:168)
	at junit.framework.TestCase.runBare(TestCase.java:134)
	at junit.framework.TestResult$1.protect(TestResult.java:110)
	at junit.framework.TestResult.runProtected(TestResult.java:128)
	at junit.framework.TestResult.run(TestResult.java:113)
	at junit.framework.TestCase.run(TestCase.java:124)
	at junit.framework.TestSuite.runTest(TestSuite.java:243)
	at junit.framework.TestSuite.run(TestSuite.java:238)
	at org.junit.internal.runners.JUnit38ClassRunner.run(JUnit38ClassRunner.java:83)
	at org.apache.maven.surefire.junit4.JUnit4TestSet.execute(JUnit4TestSet.java:53)
	at org.apache.maven.surefire.junit4.JUnit4Provider.executeTestSet(JUnit4Provider.java:123)
	at org.apache.maven.surefire.junit4.JUnit4Provider.invoke(JUnit4Provider.java:104)
	at sun.reflect.NativeMethodAccessorImpl.invoke0(Native Method)
	at sun.reflect.NativeMethodAccessorImpl.invoke(NativeMethodAccessorImpl.java:57)
	at sun.reflect.DelegatingMethodAccessorImpl.invoke(DelegatingMethodAccessorImpl.java:43)
	at java.lang.reflect.Method.invoke(Method.java:606)
	at org.apache.maven.surefire.util.ReflectionUtils.invokeMethodWithArray(ReflectionUtils.java:164)
	at org.apache.maven.surefire.booter.ProviderFactory$ProviderProxy.invoke(ProviderFactory.java:110)
	at org.apache.maven.surefire.booter.SurefireStarter.invokeProvider(SurefireStarter.java:172)
	at org.apache.maven.surefire.booter.SurefireStarter.runSuitesInProcessWhenForked(SurefireStarter.java:104)
	at org.apache.maven.surefire.booter.ForkedBooter.main(ForkedBooter.java:70)
Caused by: javax.net.ssl.SSLHandshakeException: sun.security.validator.ValidatorException: PKIX path building failed: sun.security.provider.certpath.SunCertPathBuilderException: unable to find valid certification path to requested target
	at sun.security.ssl.Alerts.getSSLException(Alerts.java:192)
	at sun.security.ssl.SSLSocketImpl.fatal(SSLSocketImpl.java:1884)
	at sun.security.ssl.Handshaker.fatalSE(Handshaker.java:276)
	at sun.security.ssl.Handshaker.fatalSE(Handshaker.java:270)
	at sun.security.ssl.ClientHandshaker.serverCertificate(ClientHandshaker.java:1341)
	at sun.security.ssl.ClientHandshaker.processMessage(ClientHandshaker.java:153)
	at sun.security.ssl.Handshaker.processLoop(Handshaker.java:868)
	at sun.security.ssl.Handshaker.process_record(Handshaker.java:804)
	at sun.security.ssl.SSLSocketImpl.readRecord(SSLSocketImpl.java:1016)
	at sun.security.ssl.SSLSocketImpl.performInitialHandshake(SSLSocketImpl.java:1312)
	at sun.security.ssl.SSLSocketImpl.startHandshake(SSLSocketImpl.java:1339)
	at sun.security.ssl.SSLSocketImpl.startHandshake(SSLSocketImpl.java:1323)
	at sun.net.www.protocol.https.HttpsClient.afterConnect(HttpsClient.java:563)
	at sun.net.www.protocol.https.AbstractDelegateHttpsURLConnection.connect(AbstractDelegateHttpsURLConnection.java:185)
	at sun.net.www.protocol.http.HttpURLConnection.getOutputStream(HttpURLConnection.java:1091)
	at sun.net.www.protocol.https.HttpsURLConnectionImpl.getOutputStream(HttpsURLConnectionImpl.java:250)
	at com.sun.jersey.client.urlconnection.URLConnectionClientHandler$1$1.getOutputStream(URLConnectionClientHandler.java:225)
	at com.sun.jersey.api.client.CommittingOutputStream.commitWrite(CommittingOutputStream.java:117)
	at com.sun.jersey.api.client.CommittingOutputStream.write(CommittingOutputStream.java:89)
	at org.codehaus.jackson.impl.Utf8Generator._flushBuffer(Utf8Generator.java:1748)
	at org.codehaus.jackson.impl.Utf8Generator.flush(Utf8Generator.java:1082)
	at org.codehaus.jackson.map.ObjectMapper.writeValue(ObjectMapper.java:1606)
	at org.codehaus.jackson.jaxrs.JacksonJsonProvider.writeTo(JacksonJsonProvider.java:558)
	at com.sun.jersey.api.client.RequestWriter.writeRequestEntity(RequestWriter.java:300)
	at com.sun.jersey.client.urlconnection.URLConnectionClientHandler._invoke(URLConnectionClientHandler.java:204)
	at com.sun.jersey.client.urlconnection.URLConnectionClientHandler.handle(URLConnectionClientHandler.java:147)
	... 36 more
Caused by: sun.security.validator.ValidatorException: PKIX path building failed: sun.security.provider.certpath.SunCertPathBuilderException: unable to find valid certification path to requested target
	at sun.security.validator.PKIXValidator.doBuild(PKIXValidator.java:385)
	at sun.security.validator.PKIXValidator.engineValidate(PKIXValidator.java:292)
	at sun.security.validator.Validator.validate(Validator.java:260)
	at sun.security.ssl.X509TrustManagerImpl.validate(X509TrustManagerImpl.java:326)
	at sun.security.ssl.X509TrustManagerImpl.checkTrusted(X509TrustManagerImpl.java:231)
	at sun.security.ssl.X509TrustManagerImpl.checkServerTrusted(X509TrustManagerImpl.java:126)
	at sun.security.ssl.ClientHandshaker.serverCertificate(ClientHandshaker.java:1323)
	... 57 more
Caused by: sun.security.provider.certpath.SunCertPathBuilderException: unable to find valid certification path to requested target
	at sun.security.provider.certpath.SunCertPathBuilder.engineBuild(SunCertPathBuilder.java:196)
	at java.security.cert.CertPathBuilder.build(CertPathBuilder.java:268)
	at sun.security.validator.PKIXValidator.doBuild(PKIXValidator.java:380)
	... 63 more
</error>
  </testcase>
  <testcase time="0.215" classname="com.trustev.integration.TrustevClientTest" name="testUpdateCase">
    <error message="javax.net.ssl.SSLHandshakeException: sun.security.validator.ValidatorException: PKIX path building failed: sun.security.provider.certpath.SunCertPathBuilderException: unable to find valid certification path to requested target" type="com.sun.jersey.api.client.ClientHandlerException">com.sun.jersey.api.client.ClientHandlerException: javax.net.ssl.SSLHandshakeException: sun.security.validator.ValidatorException: PKIX path building failed: sun.security.provider.certpath.SunCertPathBuilderException: unable to find valid certification path to requested target
	at com.sun.jersey.client.urlconnection.URLConnectionClientHandler.handle(URLConnectionClientHandler.java:149)
	at com.sun.jersey.api.client.Client.handle(Client.java:648)
	at com.sun.jersey.api.client.WebResource.handle(WebResource.java:670)
	at com.sun.jersey.api.client.WebResource.access$200(WebResource.java:74)
	at com.sun.jersey.api.client.WebResource$Builder.method(WebResource.java:623)
	at com.trustev.integration.BaseObject.callApiMethod(BaseObject.java:78)
	at com.trustev.integration.BaseObject.GetApiTokenId(BaseObject.java:50)
	at com.trustev.integration.BaseObject.callApiMethod(BaseObject.java:72)
	at com.trustev.integration.BaseObject.callApiMethodFor(BaseObject.java:95)
	at com.trustev.integration.Case.Save(Case.java:201)
	at com.trustev.integration.TrustevClientTest.testUpdateCase(TrustevClientTest.java:102)
	at sun.reflect.NativeMethodAccessorImpl.invoke0(Native Method)
	at sun.reflect.NativeMethodAccessorImpl.invoke(NativeMethodAccessorImpl.java:57)
	at sun.reflect.DelegatingMethodAccessorImpl.invoke(DelegatingMethodAccessorImpl.java:43)
	at java.lang.reflect.Method.invoke(Method.java:606)
	at junit.framework.TestCase.runTest(TestCase.java:168)
	at junit.framework.TestCase.runBare(TestCase.java:134)
	at junit.framework.TestResult$1.protect(TestResult.java:110)
	at junit.framework.TestResult.runProtected(TestResult.java:128)
	at junit.framework.TestResult.run(TestResult.java:113)
	at junit.framework.TestCase.run(TestCase.java:124)
	at junit.framework.TestSuite.runTest(TestSuite.java:243)
	at junit.framework.TestSuite.run(TestSuite.java:238)
	at org.junit.internal.runners.JUnit38ClassRunner.run(JUnit38ClassRunner.java:83)
	at org.apache.maven.surefire.junit4.JUnit4TestSet.execute(JUnit4TestSet.java:53)
	at org.apache.maven.surefire.junit4.JUnit4Provider.executeTestSet(JUnit4Provider.java:123)
	at org.apache.maven.surefire.junit4.JUnit4Provider.invoke(JUnit4Provider.java:104)
	at sun.reflect.NativeMethodAccessorImpl.invoke0(Native Method)
	at sun.reflect.NativeMethodAccessorImpl.invoke(NativeMethodAccessorImpl.java:57)
	at sun.reflect.DelegatingMethodAccessorImpl.invoke(DelegatingMethodAccessorImpl.java:43)
	at java.lang.reflect.Method.invoke(Method.java:606)
	at org.apache.maven.surefire.util.ReflectionUtils.invokeMethodWithArray(ReflectionUtils.java:164)
	at org.apache.maven.surefire.booter.ProviderFactory$ProviderProxy.invoke(ProviderFactory.java:110)
	at org.apache.maven.surefire.booter.SurefireStarter.invokeProvider(SurefireStarter.java:172)
	at org.apache.maven.surefire.booter.SurefireStarter.runSuitesInProcessWhenForked(SurefireStarter.java:104)
	at org.apache.maven.surefire.booter.ForkedBooter.main(ForkedBooter.java:70)
Caused by: javax.net.ssl.SSLHandshakeException: sun.security.validator.ValidatorException: PKIX path building failed: sun.security.provider.certpath.SunCertPathBuilderException: unable to find valid certification path to requested target
	at sun.security.ssl.Alerts.getSSLException(Alerts.java:192)
	at sun.security.ssl.SSLSocketImpl.fatal(SSLSocketImpl.java:1884)
	at sun.security.ssl.Handshaker.fatalSE(Handshaker.java:276)
	at sun.security.ssl.Handshaker.fatalSE(Handshaker.java:270)
	at sun.security.ssl.ClientHandshaker.serverCertificate(ClientHandshaker.java:1341)
	at sun.security.ssl.ClientHandshaker.processMessage(ClientHandshaker.java:153)
	at sun.security.ssl.Handshaker.processLoop(Handshaker.java:868)
	at sun.security.ssl.Handshaker.process_record(Handshaker.java:804)
	at sun.security.ssl.SSLSocketImpl.readRecord(SSLSocketImpl.java:1016)
	at sun.security.ssl.SSLSocketImpl.performInitialHandshake(SSLSocketImpl.java:1312)
	at sun.security.ssl.SSLSocketImpl.startHandshake(SSLSocketImpl.java:1339)
	at sun.security.ssl.SSLSocketImpl.startHandshake(SSLSocketImpl.java:1323)
	at sun.net.www.protocol.https.HttpsClient.afterConnect(HttpsClient.java:563)
	at sun.net.www.protocol.https.AbstractDelegateHttpsURLConnection.connect(AbstractDelegateHttpsURLConnection.java:185)
	at sun.net.www.protocol.http.HttpURLConnection.getOutputStream(HttpURLConnection.java:1091)
	at sun.net.www.protocol.https.HttpsURLConnectionImpl.getOutputStream(HttpsURLConnectionImpl.java:250)
	at com.sun.jersey.client.urlconnection.URLConnectionClientHandler$1$1.getOutputStream(URLConnectionClientHandler.java:225)
	at com.sun.jersey.api.client.CommittingOutputStream.commitWrite(CommittingOutputStream.java:117)
	at com.sun.jersey.api.client.CommittingOutputStream.write(CommittingOutputStream.java:89)
	at org.codehaus.jackson.impl.Utf8Generator._flushBuffer(Utf8Generator.java:1748)
	at org.codehaus.jackson.impl.Utf8Generator.flush(Utf8Generator.java:1082)
	at org.codehaus.jackson.map.ObjectMapper.writeValue(ObjectMapper.java:1606)
	at org.codehaus.jackson.jaxrs.JacksonJsonProvider.writeTo(JacksonJsonProvider.java:558)
	at com.sun.jersey.api.client.RequestWriter.writeRequestEntity(RequestWriter.java:300)
	at com.sun.jersey.client.urlconnection.URLConnectionClientHandler._invoke(URLConnectionClientHandler.java:204)
	at com.sun.jersey.client.urlconnection.URLConnectionClientHandler.handle(URLConnectionClientHandler.java:147)
	... 35 more
Caused by: sun.security.validator.ValidatorException: PKIX path building failed: sun.security.provider.certpath.SunCertPathBuilderException: unable to find valid certification path to requested target
	at sun.security.validator.PKIXValidator.doBuild(PKIXValidator.java:385)
	at sun.security.validator.PKIXValidator.engineValidate(PKIXValidator.java:292)
	at sun.security.validator.Validator.validate(Validator.java:260)
	at sun.security.ssl.X509TrustManagerImpl.validate(X509TrustManagerImpl.java:326)
	at sun.security.ssl.X509TrustManagerImpl.checkTrusted(X509TrustManagerImpl.java:231)
	at sun.security.ssl.X509TrustManagerImpl.checkServerTrusted(X509TrustManagerImpl.java:126)
	at sun.security.ssl.ClientHandshaker.serverCertificate(ClientHandshaker.java:1323)
	... 56 more
Caused by: sun.security.provider.certpath.SunCertPathBuilderException: unable to find valid certification path to requested target
	at sun.security.provider.certpath.SunCertPathBuilder.engineBuild(SunCertPathBuilder.java:196)
	at java.security.cert.CertPathBuilder.build(CertPathBuilder.java:268)
	at sun.security.validator.PKIXValidator.doBuild(PKIXValidator.java:380)
	... 62 more
</error>
  </testcase>
  <testcase time="0.106" classname="com.trustev.integration.TrustevClientTest" name="testGetTokenBadPassword">
    <error message="javax.net.ssl.SSLHandshakeException: sun.security.validator.ValidatorException: PKIX path building failed: sun.security.provider.certpath.SunCertPathBuilderException: unable to find valid certification path to requested target" type="com.sun.jersey.api.client.ClientHandlerException">com.sun.jersey.api.client.ClientHandlerException: javax.net.ssl.SSLHandshakeException: sun.security.validator.ValidatorException: PKIX path building failed: sun.security.provider.certpath.SunCertPathBuilderException: unable to find valid certification path to requested target
	at com.sun.jersey.client.urlconnection.URLConnectionClientHandler.handle(URLConnectionClientHandler.java:149)
	at com.sun.jersey.api.client.Client.handle(Client.java:648)
	at com.sun.jersey.api.client.WebResource.handle(WebResource.java:670)
	at com.sun.jersey.api.client.WebResource.access$200(WebResource.java:74)
	at com.sun.jersey.api.client.WebResource$Builder.method(WebResource.java:623)
	at com.trustev.integration.BaseObject.callApiMethod(BaseObject.java:78)
	at com.trustev.integration.BaseObject.GetApiTokenId(BaseObject.java:50)
	at com.trustev.integration.TrustevClientTest.testGetTokenBadPassword(TrustevClientTest.java:40)
	at sun.reflect.NativeMethodAccessorImpl.invoke0(Native Method)
	at sun.reflect.NativeMethodAccessorImpl.invoke(NativeMethodAccessorImpl.java:57)
	at sun.reflect.DelegatingMethodAccessorImpl.invoke(DelegatingMethodAccessorImpl.java:43)
	at java.lang.reflect.Method.invoke(Method.java:606)
	at junit.framework.TestCase.runTest(TestCase.java:168)
	at junit.framework.TestCase.runBare(TestCase.java:134)
	at junit.framework.TestResult$1.protect(TestResult.java:110)
	at junit.framework.TestResult.runProtected(TestResult.java:128)
	at junit.framework.TestResult.run(TestResult.java:113)
	at junit.framework.TestCase.run(TestCase.java:124)
	at junit.framework.TestSuite.runTest(TestSuite.java:243)
	at junit.framework.TestSuite.run(TestSuite.java:238)
	at org.junit.internal.runners.JUnit38ClassRunner.run(JUnit38ClassRunner.java:83)
	at org.apache.maven.surefire.junit4.JUnit4TestSet.execute(JUnit4TestSet.java:53)
	at org.apache.maven.surefire.junit4.JUnit4Provider.executeTestSet(JUnit4Provider.java:123)
	at org.apache.maven.surefire.junit4.JUnit4Provider.invoke(JUnit4Provider.java:104)
	at sun.reflect.NativeMethodAccessorImpl.invoke0(Native Method)
	at sun.reflect.NativeMethodAccessorImpl.invoke(NativeMethodAccessorImpl.java:57)
	at sun.reflect.DelegatingMethodAccessorImpl.invoke(DelegatingMethodAccessorImpl.java:43)
	at java.lang.reflect.Method.invoke(Method.java:606)
	at org.apache.maven.surefire.util.ReflectionUtils.invokeMethodWithArray(ReflectionUtils.java:164)
	at org.apache.maven.surefire.booter.ProviderFactory$ProviderProxy.invoke(ProviderFactory.java:110)
	at org.apache.maven.surefire.booter.SurefireStarter.invokeProvider(SurefireStarter.java:172)
	at org.apache.maven.surefire.booter.SurefireStarter.runSuitesInProcessWhenForked(SurefireStarter.java:104)
	at org.apache.maven.surefire.booter.ForkedBooter.main(ForkedBooter.java:70)
Caused by: javax.net.ssl.SSLHandshakeException: sun.security.validator.ValidatorException: PKIX path building failed: sun.security.provider.certpath.SunCertPathBuilderException: unable to find valid certification path to requested target
	at sun.security.ssl.Alerts.getSSLException(Alerts.java:192)
	at sun.security.ssl.SSLSocketImpl.fatal(SSLSocketImpl.java:1884)
	at sun.security.ssl.Handshaker.fatalSE(Handshaker.java:276)
	at sun.security.ssl.Handshaker.fatalSE(Handshaker.java:270)
	at sun.security.ssl.ClientHandshaker.serverCertificate(ClientHandshaker.java:1341)
	at sun.security.ssl.ClientHandshaker.processMessage(ClientHandshaker.java:153)
	at sun.security.ssl.Handshaker.processLoop(Handshaker.java:868)
	at sun.security.ssl.Handshaker.process_record(Handshaker.java:804)
	at sun.security.ssl.SSLSocketImpl.readRecord(SSLSocketImpl.java:1016)
	at sun.security.ssl.SSLSocketImpl.performInitialHandshake(SSLSocketImpl.java:1312)
	at sun.security.ssl.SSLSocketImpl.startHandshake(SSLSocketImpl.java:1339)
	at sun.security.ssl.SSLSocketImpl.startHandshake(SSLSocketImpl.java:1323)
	at sun.net.www.protocol.https.HttpsClient.afterConnect(HttpsClient.java:563)
	at sun.net.www.protocol.https.AbstractDelegateHttpsURLConnection.connect(AbstractDelegateHttpsURLConnection.java:185)
	at sun.net.www.protocol.http.HttpURLConnection.getOutputStream(HttpURLConnection.java:1091)
	at sun.net.www.protocol.https.HttpsURLConnectionImpl.getOutputStream(HttpsURLConnectionImpl.java:250)
	at com.sun.jersey.client.urlconnection.URLConnectionClientHandler$1$1.getOutputStream(URLConnectionClientHandler.java:225)
	at com.sun.jersey.api.client.CommittingOutputStream.commitWrite(CommittingOutputStream.java:117)
	at com.sun.jersey.api.client.CommittingOutputStream.write(CommittingOutputStream.java:89)
	at org.codehaus.jackson.impl.Utf8Generator._flushBuffer(Utf8Generator.java:1748)
	at org.codehaus.jackson.impl.Utf8Generator.flush(Utf8Generator.java:1082)
	at org.codehaus.jackson.map.ObjectMapper.writeValue(ObjectMapper.java:1606)
	at org.codehaus.jackson.jaxrs.JacksonJsonProvider.writeTo(JacksonJsonProvider.java:558)
	at com.sun.jersey.api.client.RequestWriter.writeRequestEntity(RequestWriter.java:300)
	at com.sun.jersey.client.urlconnection.URLConnectionClientHandler._invoke(URLConnectionClientHandler.java:204)
	at com.sun.jersey.client.urlconnection.URLConnectionClientHandler.handle(URLConnectionClientHandler.java:147)
	... 32 more
Caused by: sun.security.validator.ValidatorException: PKIX path building failed: sun.security.provider.certpath.SunCertPathBuilderException: unable to find valid certification path to requested target
	at sun.security.validator.PKIXValidator.doBuild(PKIXValidator.java:385)
	at sun.security.validator.PKIXValidator.engineValidate(PKIXValidator.java:292)
	at sun.security.validator.Validator.validate(Validator.java:260)
	at sun.security.ssl.X509TrustManagerImpl.validate(X509TrustManagerImpl.java:326)
	at sun.security.ssl.X509TrustManagerImpl.checkTrusted(X509TrustManagerImpl.java:231)
	at sun.security.ssl.X509TrustManagerImpl.checkServerTrusted(X509TrustManagerImpl.java:126)
	at sun.security.ssl.ClientHandshaker.serverCertificate(ClientHandshaker.java:1323)
	... 53 more
Caused by: sun.security.provider.certpath.SunCertPathBuilderException: unable to find valid certification path to requested target
	at sun.security.provider.certpath.SunCertPathBuilder.engineBuild(SunCertPathBuilder.java:196)
	at java.security.cert.CertPathBuilder.build(CertPathBuilder.java:268)
	at sun.security.validator.PKIXValidator.doBuild(PKIXValidator.java:380)
	... 59 more
</error>
  </testcase>
  <testcase time="0.14" classname="com.trustev.integration.TrustevClientTest" name="testPaymentEndpoint">
    <error message="javax.net.ssl.SSLHandshakeException: sun.security.validator.ValidatorException: PKIX path building failed: sun.security.provider.certpath.SunCertPathBuilderException: unable to find valid certification path to requested target" type="com.sun.jersey.api.client.ClientHandlerException">com.sun.jersey.api.client.ClientHandlerException: javax.net.ssl.SSLHandshakeException: sun.security.validator.ValidatorException: PKIX path building failed: sun.security.provider.certpath.SunCertPathBuilderException: unable to find valid certification path to requested target
	at com.sun.jersey.client.urlconnection.URLConnectionClientHandler.handle(URLConnectionClientHandler.java:149)
	at com.sun.jersey.api.client.Client.handle(Client.java:648)
	at com.sun.jersey.api.client.WebResource.handle(WebResource.java:670)
	at com.sun.jersey.api.client.WebResource.access$200(WebResource.java:74)
	at com.sun.jersey.api.client.WebResource$Builder.method(WebResource.java:623)
	at com.trustev.integration.BaseObject.callApiMethod(BaseObject.java:78)
	at com.trustev.integration.BaseObject.GetApiTokenId(BaseObject.java:50)
	at com.trustev.integration.BaseObject.callApiMethod(BaseObject.java:72)
	at com.trustev.integration.BaseObject.callApiMethodFor(BaseObject.java:95)
	at com.trustev.integration.Case.Save(Case.java:201)
	at com.trustev.integration.TrustevClientTest.testPaymentEndpoint(TrustevClientTest.java:188)
	at sun.reflect.NativeMethodAccessorImpl.invoke0(Native Method)
	at sun.reflect.NativeMethodAccessorImpl.invoke(NativeMethodAccessorImpl.java:57)
	at sun.reflect.DelegatingMethodAccessorImpl.invoke(DelegatingMethodAccessorImpl.java:43)
	at java.lang.reflect.Method.invoke(Method.java:606)
	at junit.framework.TestCase.runTest(TestCase.java:168)
	at junit.framework.TestCase.runBare(TestCase.java:134)
	at junit.framework.TestResult$1.protect(TestResult.java:110)
	at junit.framework.TestResult.runProtected(TestResult.java:128)
	at junit.framework.TestResult.run(TestResult.java:113)
	at junit.framework.TestCase.run(TestCase.java:124)
	at junit.framework.TestSuite.runTest(TestSuite.java:243)
	at junit.framework.TestSuite.run(TestSuite.java:238)
	at org.junit.internal.runners.JUnit38ClassRunner.run(JUnit38ClassRunner.java:83)
	at org.apache.maven.surefire.junit4.JUnit4TestSet.execute(JUnit4TestSet.java:53)
	at org.apache.maven.surefire.junit4.JUnit4Provider.executeTestSet(JUnit4Provider.java:123)
	at org.apache.maven.surefire.junit4.JUnit4Provider.invoke(JUnit4Provider.java:104)
	at sun.reflect.NativeMethodAccessorImpl.invoke0(Native Method)
	at sun.reflect.NativeMethodAccessorImpl.invoke(NativeMethodAccessorImpl.java:57)
	at sun.reflect.DelegatingMethodAccessorImpl.invoke(DelegatingMethodAccessorImpl.java:43)
	at java.lang.reflect.Method.invoke(Method.java:606)
	at org.apache.maven.surefire.util.ReflectionUtils.invokeMethodWithArray(ReflectionUtils.java:164)
	at org.apache.maven.surefire.booter.ProviderFactory$ProviderProxy.invoke(ProviderFactory.java:110)
	at org.apache.maven.surefire.booter.SurefireStarter.invokeProvider(SurefireStarter.java:172)
	at org.apache.maven.surefire.booter.SurefireStarter.runSuitesInProcessWhenForked(SurefireStarter.java:104)
	at org.apache.maven.surefire.booter.ForkedBooter.main(ForkedBooter.java:70)
Caused by: javax.net.ssl.SSLHandshakeException: sun.security.validator.ValidatorException: PKIX path building failed: sun.security.provider.certpath.SunCertPathBuilderException: unable to find valid certification path to requested target
	at sun.security.ssl.Alerts.getSSLException(Alerts.java:192)
	at sun.security.ssl.SSLSocketImpl.fatal(SSLSocketImpl.java:1884)
	at sun.security.ssl.Handshaker.fatalSE(Handshaker.java:276)
	at sun.security.ssl.Handshaker.fatalSE(Handshaker.java:270)
	at sun.security.ssl.ClientHandshaker.serverCertificate(ClientHandshaker.java:1341)
	at sun.security.ssl.ClientHandshaker.processMessage(ClientHandshaker.java:153)
	at sun.security.ssl.Handshaker.processLoop(Handshaker.java:868)
	at sun.security.ssl.Handshaker.process_record(Handshaker.java:804)
	at sun.security.ssl.SSLSocketImpl.readRecord(SSLSocketImpl.java:1016)
	at sun.security.ssl.SSLSocketImpl.performInitialHandshake(SSLSocketImpl.java:1312)
	at sun.security.ssl.SSLSocketImpl.startHandshake(SSLSocketImpl.java:1339)
	at sun.security.ssl.SSLSocketImpl.startHandshake(SSLSocketImpl.java:1323)
	at sun.net.www.protocol.https.HttpsClient.afterConnect(HttpsClient.java:563)
	at sun.net.www.protocol.https.AbstractDelegateHttpsURLConnection.connect(AbstractDelegateHttpsURLConnection.java:185)
	at sun.net.www.protocol.http.HttpURLConnection.getOutputStream(HttpURLConnection.java:1091)
	at sun.net.www.protocol.https.HttpsURLConnectionImpl.getOutputStream(HttpsURLConnectionImpl.java:250)
	at com.sun.jersey.client.urlconnection.URLConnectionClientHandler$1$1.getOutputStream(URLConnectionClientHandler.java:225)
	at com.sun.jersey.api.client.CommittingOutputStream.commitWrite(CommittingOutputStream.java:117)
	at com.sun.jersey.api.client.CommittingOutputStream.write(CommittingOutputStream.java:89)
	at org.codehaus.jackson.impl.Utf8Generator._flushBuffer(Utf8Generator.java:1748)
	at org.codehaus.jackson.impl.Utf8Generator.flush(Utf8Generator.java:1082)
	at org.codehaus.jackson.map.ObjectMapper.writeValue(ObjectMapper.java:1606)
	at org.codehaus.jackson.jaxrs.JacksonJsonProvider.writeTo(JacksonJsonProvider.java:558)
	at com.sun.jersey.api.client.RequestWriter.writeRequestEntity(RequestWriter.java:300)
	at com.sun.jersey.client.urlconnection.URLConnectionClientHandler._invoke(URLConnectionClientHandler.java:204)
	at com.sun.jersey.client.urlconnection.URLConnectionClientHandler.handle(URLConnectionClientHandler.java:147)
	... 35 more
Caused by: sun.security.validator.ValidatorException: PKIX path building failed: sun.security.provider.certpath.SunCertPathBuilderException: unable to find valid certification path to requested target
	at sun.security.validator.PKIXValidator.doBuild(PKIXValidator.java:385)
	at sun.security.validator.PKIXValidator.engineValidate(PKIXValidator.java:292)
	at sun.security.validator.Validator.validate(Validator.java:260)
	at sun.security.ssl.X509TrustManagerImpl.validate(X509TrustManagerImpl.java:326)
	at sun.security.ssl.X509TrustManagerImpl.checkTrusted(X509TrustManagerImpl.java:231)
	at sun.security.ssl.X509TrustManagerImpl.checkServerTrusted(X509TrustManagerImpl.java:126)
	at sun.security.ssl.ClientHandshaker.serverCertificate(ClientHandshaker.java:1323)
	... 56 more
Caused by: sun.security.provider.certpath.SunCertPathBuilderException: unable to find valid certification path to requested target
	at sun.security.provider.certpath.SunCertPathBuilder.engineBuild(SunCertPathBuilder.java:196)
	at java.security.cert.CertPathBuilder.build(CertPathBuilder.java:268)
	at sun.security.validator.PKIXValidator.doBuild(PKIXValidator.java:380)
	... 62 more
</error>
  </testcase>
  <testcase time="0.066" classname="com.trustev.integration.TrustevClientTest" name="testGetToken">
    <error message="javax.net.ssl.SSLHandshakeException: sun.security.validator.ValidatorException: PKIX path building failed: sun.security.provider.certpath.SunCertPathBuilderException: unable to find valid certification path to requested target" type="com.sun.jersey.api.client.ClientHandlerException">com.sun.jersey.api.client.ClientHandlerException: javax.net.ssl.SSLHandshakeException: sun.security.validator.ValidatorException: PKIX path building failed: sun.security.provider.certpath.SunCertPathBuilderException: unable to find valid certification path to requested target
	at com.sun.jersey.client.urlconnection.URLConnectionClientHandler.handle(URLConnectionClientHandler.java:149)
	at com.sun.jersey.api.client.Client.handle(Client.java:648)
	at com.sun.jersey.api.client.WebResource.handle(WebResource.java:670)
	at com.sun.jersey.api.client.WebResource.access$200(WebResource.java:74)
	at com.sun.jersey.api.client.WebResource$Builder.method(WebResource.java:623)
	at com.trustev.integration.BaseObject.callApiMethod(BaseObject.java:78)
	at com.trustev.integration.BaseObject.GetApiTokenId(BaseObject.java:50)
	at com.trustev.integration.TrustevClientTest.testGetToken(TrustevClientTest.java:23)
	at sun.reflect.NativeMethodAccessorImpl.invoke0(Native Method)
	at sun.reflect.NativeMethodAccessorImpl.invoke(NativeMethodAccessorImpl.java:57)
	at sun.reflect.DelegatingMethodAccessorImpl.invoke(DelegatingMethodAccessorImpl.java:43)
	at java.lang.reflect.Method.invoke(Method.java:606)
	at junit.framework.TestCase.runTest(TestCase.java:168)
	at junit.framework.TestCase.runBare(TestCase.java:134)
	at junit.framework.TestResult$1.protect(TestResult.java:110)
	at junit.framework.TestResult.runProtected(TestResult.java:128)
	at junit.framework.TestResult.run(TestResult.java:113)
	at junit.framework.TestCase.run(TestCase.java:124)
	at junit.framework.TestSuite.runTest(TestSuite.java:243)
	at junit.framework.TestSuite.run(TestSuite.java:238)
	at org.junit.internal.runners.JUnit38ClassRunner.run(JUnit38ClassRunner.java:83)
	at org.apache.maven.surefire.junit4.JUnit4TestSet.execute(JUnit4TestSet.java:53)
	at org.apache.maven.surefire.junit4.JUnit4Provider.executeTestSet(JUnit4Provider.java:123)
	at org.apache.maven.surefire.junit4.JUnit4Provider.invoke(JUnit4Provider.java:104)
	at sun.reflect.NativeMethodAccessorImpl.invoke0(Native Method)
	at sun.reflect.NativeMethodAccessorImpl.invoke(NativeMethodAccessorImpl.java:57)
	at sun.reflect.DelegatingMethodAccessorImpl.invoke(DelegatingMethodAccessorImpl.java:43)
	at java.lang.reflect.Method.invoke(Method.java:606)
	at org.apache.maven.surefire.util.ReflectionUtils.invokeMethodWithArray(ReflectionUtils.java:164)
	at org.apache.maven.surefire.booter.ProviderFactory$ProviderProxy.invoke(ProviderFactory.java:110)
	at org.apache.maven.surefire.booter.SurefireStarter.invokeProvider(SurefireStarter.java:172)
	at org.apache.maven.surefire.booter.SurefireStarter.runSuitesInProcessWhenForked(SurefireStarter.java:104)
	at org.apache.maven.surefire.booter.ForkedBooter.main(ForkedBooter.java:70)
Caused by: javax.net.ssl.SSLHandshakeException: sun.security.validator.ValidatorException: PKIX path building failed: sun.security.provider.certpath.SunCertPathBuilderException: unable to find valid certification path to requested target
	at sun.security.ssl.Alerts.getSSLException(Alerts.java:192)
	at sun.security.ssl.SSLSocketImpl.fatal(SSLSocketImpl.java:1884)
	at sun.security.ssl.Handshaker.fatalSE(Handshaker.java:276)
	at sun.security.ssl.Handshaker.fatalSE(Handshaker.java:270)
	at sun.security.ssl.ClientHandshaker.serverCertificate(ClientHandshaker.java:1341)
	at sun.security.ssl.ClientHandshaker.processMessage(ClientHandshaker.java:153)
	at sun.security.ssl.Handshaker.processLoop(Handshaker.java:868)
	at sun.security.ssl.Handshaker.process_record(Handshaker.java:804)
	at sun.security.ssl.SSLSocketImpl.readRecord(SSLSocketImpl.java:1016)
	at sun.security.ssl.SSLSocketImpl.performInitialHandshake(SSLSocketImpl.java:1312)
	at sun.security.ssl.SSLSocketImpl.startHandshake(SSLSocketImpl.java:1339)
	at sun.security.ssl.SSLSocketImpl.startHandshake(SSLSocketImpl.java:1323)
	at sun.net.www.protocol.https.HttpsClient.afterConnect(HttpsClient.java:563)
	at sun.net.www.protocol.https.AbstractDelegateHttpsURLConnection.connect(AbstractDelegateHttpsURLConnection.java:185)
	at sun.net.www.protocol.http.HttpURLConnection.getOutputStream(HttpURLConnection.java:1091)
	at sun.net.www.protocol.https.HttpsURLConnectionImpl.getOutputStream(HttpsURLConnectionImpl.java:250)
	at com.sun.jersey.client.urlconnection.URLConnectionClientHandler$1$1.getOutputStream(URLConnectionClientHandler.java:225)
	at com.sun.jersey.api.client.CommittingOutputStream.commitWrite(CommittingOutputStream.java:117)
	at com.sun.jersey.api.client.CommittingOutputStream.write(CommittingOutputStream.java:89)
	at org.codehaus.jackson.impl.Utf8Generator._flushBuffer(Utf8Generator.java:1748)
	at org.codehaus.jackson.impl.Utf8Generator.flush(Utf8Generator.java:1082)
	at org.codehaus.jackson.map.ObjectMapper.writeValue(ObjectMapper.java:1606)
	at org.codehaus.jackson.jaxrs.JacksonJsonProvider.writeTo(JacksonJsonProvider.java:558)
	at com.sun.jersey.api.client.RequestWriter.writeRequestEntity(RequestWriter.java:300)
	at com.sun.jersey.client.urlconnection.URLConnectionClientHandler._invoke(URLConnectionClientHandler.java:204)
	at com.sun.jersey.client.urlconnection.URLConnectionClientHandler.handle(URLConnectionClientHandler.java:147)
	... 32 more
Caused by: sun.security.validator.ValidatorException: PKIX path building failed: sun.security.provider.certpath.SunCertPathBuilderException: unable to find valid certification path to requested target
	at sun.security.validator.PKIXValidator.doBuild(PKIXValidator.java:385)
	at sun.security.validator.PKIXValidator.engineValidate(PKIXValidator.java:292)
	at sun.security.validator.Validator.validate(Validator.java:260)
	at sun.security.ssl.X509TrustManagerImpl.validate(X509TrustManagerImpl.java:326)
	at sun.security.ssl.X509TrustManagerImpl.checkTrusted(X509TrustManagerImpl.java:231)
	at sun.security.ssl.X509TrustManagerImpl.checkServerTrusted(X509TrustManagerImpl.java:126)
	at sun.security.ssl.ClientHandshaker.serverCertificate(ClientHandshaker.java:1323)
	... 53 more
Caused by: sun.security.provider.certpath.SunCertPathBuilderException: unable to find valid certification path to requested target
	at sun.security.provider.certpath.SunCertPathBuilder.engineBuild(SunCertPathBuilder.java:196)
	at java.security.cert.CertPathBuilder.build(CertPathBuilder.java:268)
	at sun.security.validator.PKIXValidator.doBuild(PKIXValidator.java:380)
	... 59 more
</error>
  </testcase>
  <testcase time="0.16" classname="com.trustev.integration.TrustevClientTest" name="testAddCase">
    <error message="javax.net.ssl.SSLHandshakeException: sun.security.validator.ValidatorException: PKIX path building failed: sun.security.provider.certpath.SunCertPathBuilderException: unable to find valid certification path to requested target" type="com.sun.jersey.api.client.ClientHandlerException">com.sun.jersey.api.client.ClientHandlerException: javax.net.ssl.SSLHandshakeException: sun.security.validator.ValidatorException: PKIX path building failed: sun.security.provider.certpath.SunCertPathBuilderException: unable to find valid certification path to requested target
	at com.sun.jersey.client.urlconnection.URLConnectionClientHandler.handle(URLConnectionClientHandler.java:149)
	at com.sun.jersey.api.client.Client.handle(Client.java:648)
	at com.sun.jersey.api.client.WebResource.handle(WebResource.java:670)
	at com.sun.jersey.api.client.WebResource.access$200(WebResource.java:74)
	at com.sun.jersey.api.client.WebResource$Builder.method(WebResource.java:623)
	at com.trustev.integration.BaseObject.callApiMethod(BaseObject.java:78)
	at com.trustev.integration.BaseObject.GetApiTokenId(BaseObject.java:50)
	at com.trustev.integration.BaseObject.callApiMethod(BaseObject.java:72)
	at com.trustev.integration.BaseObject.callApiMethodFor(BaseObject.java:95)
	at com.trustev.integration.Case.Save(Case.java:201)
	at com.trustev.integration.TrustevClientTest.testAddCase(TrustevClientTest.java:58)
	at sun.reflect.NativeMethodAccessorImpl.invoke0(Native Method)
	at sun.reflect.NativeMethodAccessorImpl.invoke(NativeMethodAccessorImpl.java:57)
	at sun.reflect.DelegatingMethodAccessorImpl.invoke(DelegatingMethodAccessorImpl.java:43)
	at java.lang.reflect.Method.invoke(Method.java:606)
	at junit.framework.TestCase.runTest(TestCase.java:168)
	at junit.framework.TestCase.runBare(TestCase.java:134)
	at junit.framework.TestResult$1.protect(TestResult.java:110)
	at junit.framework.TestResult.runProtected(TestResult.java:128)
	at junit.framework.TestResult.run(TestResult.java:113)
	at junit.framework.TestCase.run(TestCase.java:124)
	at junit.framework.TestSuite.runTest(TestSuite.java:243)
	at junit.framework.TestSuite.run(TestSuite.java:238)
	at org.junit.internal.runners.JUnit38ClassRunner.run(JUnit38ClassRunner.java:83)
	at org.apache.maven.surefire.junit4.JUnit4TestSet.execute(JUnit4TestSet.java:53)
	at org.apache.maven.surefire.junit4.JUnit4Provider.executeTestSet(JUnit4Provider.java:123)
	at org.apache.maven.surefire.junit4.JUnit4Provider.invoke(JUnit4Provider.java:104)
	at sun.reflect.NativeMethodAccessorImpl.invoke0(Native Method)
	at sun.reflect.NativeMethodAccessorImpl.invoke(NativeMethodAccessorImpl.java:57)
	at sun.reflect.DelegatingMethodAccessorImpl.invoke(DelegatingMethodAccessorImpl.java:43)
	at java.lang.reflect.Method.invoke(Method.java:606)
	at org.apache.maven.surefire.util.ReflectionUtils.invokeMethodWithArray(ReflectionUtils.java:164)
	at org.apache.maven.surefire.booter.ProviderFactory$ProviderProxy.invoke(ProviderFactory.java:110)
	at org.apache.maven.surefire.booter.SurefireStarter.invokeProvider(SurefireStarter.java:172)
	at org.apache.maven.surefire.booter.SurefireStarter.runSuitesInProcessWhenForked(SurefireStarter.java:104)
	at org.apache.maven.surefire.booter.ForkedBooter.main(ForkedBooter.java:70)
Caused by: javax.net.ssl.SSLHandshakeException: sun.security.validator.ValidatorException: PKIX path building failed: sun.security.provider.certpath.SunCertPathBuilderException: unable to find valid certification path to requested target
	at sun.security.ssl.Alerts.getSSLException(Alerts.java:192)
	at sun.security.ssl.SSLSocketImpl.fatal(SSLSocketImpl.java:1884)
	at sun.security.ssl.Handshaker.fatalSE(Handshaker.java:276)
	at sun.security.ssl.Handshaker.fatalSE(Handshaker.java:270)
	at sun.security.ssl.ClientHandshaker.serverCertificate(ClientHandshaker.java:1341)
	at sun.security.ssl.ClientHandshaker.processMessage(ClientHandshaker.java:153)
	at sun.security.ssl.Handshaker.processLoop(Handshaker.java:868)
	at sun.security.ssl.Handshaker.process_record(Handshaker.java:804)
	at sun.security.ssl.SSLSocketImpl.readRecord(SSLSocketImpl.java:1016)
	at sun.security.ssl.SSLSocketImpl.performInitialHandshake(SSLSocketImpl.java:1312)
	at sun.security.ssl.SSLSocketImpl.startHandshake(SSLSocketImpl.java:1339)
	at sun.security.ssl.SSLSocketImpl.startHandshake(SSLSocketImpl.java:1323)
	at sun.net.www.protocol.https.HttpsClient.afterConnect(HttpsClient.java:563)
	at sun.net.www.protocol.https.AbstractDelegateHttpsURLConnection.connect(AbstractDelegateHttpsURLConnection.java:185)
	at sun.net.www.protocol.http.HttpURLConnection.getOutputStream(HttpURLConnection.java:1091)
	at sun.net.www.protocol.https.HttpsURLConnectionImpl.getOutputStream(HttpsURLConnectionImpl.java:250)
	at com.sun.jersey.client.urlconnection.URLConnectionClientHandler$1$1.getOutputStream(URLConnectionClientHandler.java:225)
	at com.sun.jersey.api.client.CommittingOutputStream.commitWrite(CommittingOutputStream.java:117)
	at com.sun.jersey.api.client.CommittingOutputStream.write(CommittingOutputStream.java:89)
	at org.codehaus.jackson.impl.Utf8Generator._flushBuffer(Utf8Generator.java:1748)
	at org.codehaus.jackson.impl.Utf8Generator.flush(Utf8Generator.java:1082)
	at org.codehaus.jackson.map.ObjectMapper.writeValue(ObjectMapper.java:1606)
	at org.codehaus.jackson.jaxrs.JacksonJsonProvider.writeTo(JacksonJsonProvider.java:558)
	at com.sun.jersey.api.client.RequestWriter.writeRequestEntity(RequestWriter.java:300)
	at com.sun.jersey.client.urlconnection.URLConnectionClientHandler._invoke(URLConnectionClientHandler.java:204)
	at com.sun.jersey.client.urlconnection.URLConnectionClientHandler.handle(URLConnectionClientHandler.java:147)
	... 35 more
Caused by: sun.security.validator.ValidatorException: PKIX path building failed: sun.security.provider.certpath.SunCertPathBuilderException: unable to find valid certification path to requested target
	at sun.security.validator.PKIXValidator.doBuild(PKIXValidator.java:385)
	at sun.security.validator.PKIXValidator.engineValidate(PKIXValidator.java:292)
	at sun.security.validator.Validator.validate(Validator.java:260)
	at sun.security.ssl.X509TrustManagerImpl.validate(X509TrustManagerImpl.java:326)
	at sun.security.ssl.X509TrustManagerImpl.checkTrusted(X509TrustManagerImpl.java:231)
	at sun.security.ssl.X509TrustManagerImpl.checkServerTrusted(X509TrustManagerImpl.java:126)
	at sun.security.ssl.ClientHandshaker.serverCertificate(ClientHandshaker.java:1323)
	... 56 more
Caused by: sun.security.provider.certpath.SunCertPathBuilderException: unable to find valid certification path to requested target
	at sun.security.provider.certpath.SunCertPathBuilder.engineBuild(SunCertPathBuilder.java:196)
	at java.security.cert.CertPathBuilder.build(CertPathBuilder.java:268)
	at sun.security.validator.PKIXValidator.doBuild(PKIXValidator.java:380)
	... 62 more
</error>
  </testcase>
</testsuite>