<?xml version="1.0" encoding="UTF-8" ?>
<testsuite failures="0" time="28.735" errors="0" skipped="0" tests="38" name="com.trustev.integration.TrustevClientTest">
  <properties>
    <property name="java.runtime.name" value="Java(TM) SE Runtime Environment"/>
    <property name="sun.boot.library.path" value="C:\Program Files\Java\jdk1.7.0_40\jre\bin"/>
    <property name="java.vm.version" value="24.0-b56"/>
    <property name="java.vm.vendor" value="Oracle Corporation"/>
    <property name="java.vendor.url" value="http://java.oracle.com/"/>
    <property name="path.separator" value=";"/>
    <property name="guice.disable.misplaced.annotation.check" value="true"/>
    <property name="java.vm.name" value="Java HotSpot(TM) 64-Bit Server VM"/>
    <property name="file.encoding.pkg" value="sun.io"/>
    <property name="user.script" value=""/>
    <property name="user.country" value="GB"/>
    <property name="sun.java.launcher" value="SUN_STANDARD"/>
    <property name="sun.os.patch.level" value=""/>
    <property name="java.vm.specification.name" value="Java Virtual Machine Specification"/>
    <property name="user.dir" value="C:\Users\clinton.sweetnam\Documents\GitHub\javaclientapi"/>
    <property name="java.runtime.version" value="1.7.0_40-b43"/>
    <property name="java.awt.graphicsenv" value="sun.awt.Win32GraphicsEnvironment"/>
    <property name="java.endorsed.dirs" value="C:\Program Files\Java\jdk1.7.0_40\jre\lib\endorsed"/>
    <property name="os.arch" value="amd64"/>
    <property name="java.io.tmpdir" value="C:\Users\CLINTO~1.SWE\AppData\Local\Temp\"/>
    <property name="line.separator" value="
"/>
    <property name="java.vm.specification.vendor" value="Oracle Corporation"/>
    <property name="user.variant" value=""/>
    <property name="os.name" value="Windows 8"/>
    <property name="classworlds.conf" value="C:\Program Files\Apache Software Foundation\apache-maven-3.2.1\bin\..\bin\m2.conf"/>
    <property name="sun.jnu.encoding" value="Cp1252"/>
    <property name="java.library.path" value="C:\Program Files\Java\jdk1.7.0_40\bin;C:\WINDOWS\Sun\Java\bin;C:\WINDOWS\system32;C:\WINDOWS;C:\Scripts\;C:\;C:\ProgramData\Oracle\Java\javapath;C:\Program Files (x86)\Intel\iCLS Client\;C:\Program Files\Intel\iCLS Client\;C:\WINDOWS\system32;C:\WINDOWS;C:\WINDOWS\System32\Wbem;C:\WINDOWS\System32\WindowsPowerShell\v1.0\;C:\Program Files\Intel\Intel(R) Management Engine Components\DAL;C:\Program Files\Intel\Intel(R) Management Engine Components\IPT;C:\Program Files (x86)\Intel\Intel(R) Management Engine Components\DAL;C:\Program Files (x86)\Intel\Intel(R) Management Engine Components\IPT;c:\Program Files (x86)\ATI Technologies\ATI.ACE\Core-Static;C:\Program Files (x86)\Windows Live\Shared;C:\Program Files\Dell\Dell Data Protection\TSS\bin\;C:\Program Files\TortoiseSVN\bin;C:\Program Files (x86)\Microsoft ASP.NET\ASP.NET Web Pages\v1.0\;C:\Program Files\Microsoft SQL Server\110\Tools\Binn\;C:\Program Files\TortoiseGit\bin;C:\Program Files\Microsoft SQL Server\110\DTS\Binn\;C:\Program Files (x86)\Microsoft SQL Server\110\Tools\Binn\;C:\Program Files (x86)\Microsoft SQL Server\110\Tools\Binn\ManagementStudio\;C:\Program Files (x86)\Microsoft Visual Studio 10.0\Common7\IDE\PrivateAssemblies\;C:\Program Files (x86)\Microsoft SQL Server\110\DTS\Binn\;C:\Program Files\SlikSvn\bin;C:\Program Files\Apache Software Foundation\apache-maven-3.2.1\bin;C:\Program Files (x86)\GNU\GnuPG\pub;C:\Program Files (x86)\Git\cmd;C:\Program Files (x86)\Microsoft Team Foundation Server 2012 Power Tools\;C:\Program Files (x86)\Microsoft Team Foundation Server 2012 Power Tools\Best Practices Analyzer\;C:\Program Files (x86)\Microsoft Visual Studio 11.0\Common7\IDE\PrivateAssemblies\;C:\Program Files (x86)\Windows Kits\8.1\Windows Performance Toolkit\;C:\Program Files\Microsoft\Web Platform Installer\;C:\Program Files\Microsoft SQL Server\120\Tools\Binn\;C:\Program Files\cURL\bin;C:\Program Files (x86)\Microsoft SQL Server\Client SDK\ODBC\110\Tools\Binn\;C:\Program Files (x86)\Microsoft SQL Server\120\Tools\Binn\;C:\Program Files (x86)\Microsoft SQL Server\120\DTS\Binn\;C:\Program Files (x86)\Microsoft SQL Server\120\Tools\Binn\ManagementStudio\;C:\Program Files (x86)\Microsoft SDKs\TypeScript\1.0\;C:\Program Files\Java\jdk1.7.0_40\bin;C:\Program Files (x86)\Microsoft SDKs\TypeScript\1.4\;C:\Program Files\nodejs\;C:\Users\clinton.sweetnam\AppData\Roaming\npm;."/>
    <property name="javax.net.ssl.trustStore" value="C:\Trustev.jks"/>
    <property name="java.specification.name" value="Java Platform API Specification"/>
    <property name="java.class.version" value="51.0"/>
    <property name="sun.management.compiler" value="HotSpot 64-Bit Tiered Compilers"/>
    <property name="os.version" value="6.2"/>
    <property name="user.home" value="C:\Users\clinton.sweetnam"/>
    <property name="user.timezone" value="Europe/London"/>
    <property name="java.awt.printerjob" value="sun.awt.windows.WPrinterJob"/>
    <property name="java.specification.version" value="1.7"/>
    <property name="file.encoding" value="Cp1252"/>
    <property name="user.name" value="clinton.sweetnam"/>
    <property name="java.class.path" value="C:\Program Files\Apache Software Foundation\apache-maven-3.2.1\bin\..\boot\plexus-classworlds-2.5.1.jar"/>
    <property name="org.slf4j.simpleLogger.defaultLogLevel" value="info"/>
    <property name="java.vm.specification.version" value="1.7"/>
    <property name="sun.arch.data.model" value="64"/>
    <property name="java.home" value="C:\Program Files\Java\jdk1.7.0_40\jre"/>
    <property name="sun.java.command" value="org.codehaus.plexus.classworlds.launcher.Launcher clean test -Djavax.net.ssl.trustStore=C:\Trustev.jks -Djavax.net.ssl.trustStorePassword=password"/>
    <property name="java.specification.vendor" value="Oracle Corporation"/>
    <property name="user.language" value="en"/>
    <property name="awt.toolkit" value="sun.awt.windows.WToolkit"/>
    <property name="java.vm.info" value="mixed mode"/>
    <property name="java.version" value="1.7.0_40"/>
    <property name="java.ext.dirs" value="C:\Program Files\Java\jdk1.7.0_40\jre\lib\ext;C:\WINDOWS\Sun\Java\lib\ext"/>
    <property name="sun.boot.class.path" value="C:\Program Files\Java\jdk1.7.0_40\jre\lib\resources.jar;C:\Program Files\Java\jdk1.7.0_40\jre\lib\rt.jar;C:\Program Files\Java\jdk1.7.0_40\jre\lib\sunrsasign.jar;C:\Program Files\Java\jdk1.7.0_40\jre\lib\jsse.jar;C:\Program Files\Java\jdk1.7.0_40\jre\lib\jce.jar;C:\Program Files\Java\jdk1.7.0_40\jre\lib\charsets.jar;C:\Program Files\Java\jdk1.7.0_40\jre\lib\jfr.jar;C:\Program Files\Java\jdk1.7.0_40\jre\classes"/>
    <property name="java.vendor" value="Oracle Corporation"/>
    <property name="maven.home" value="C:\Program Files\Apache Software Foundation\apache-maven-3.2.1\bin\.."/>
    <property name="file.separator" value="\"/>
    <property name="java.vendor.url.bug" value="http://bugreport.sun.com/bugreport/"/>
    <property name="sun.cpu.endian" value="little"/>
    <property name="sun.io.unicode.encoding" value="UnicodeLittle"/>
    <property name="javax.net.ssl.trustStorePassword" value="password"/>
    <property name="sun.desktop" value="windows"/>
    <property name="sun.cpu.isalist" value="amd64"/>
  </properties>
  <testcase time="1.915" classname="com.trustev.integration.TrustevClientTest" name="testGetCaseStatus"/>
  <testcase time="0.8" classname="com.trustev.integration.TrustevClientTest" name="testPostTransaction"/>
  <testcase time="0.966" classname="com.trustev.integration.TrustevClientTest" name="testUpdateEmail"/>
  <testcase time="0.654" classname="com.trustev.integration.TrustevClientTest" name="testGetTransactionItems"/>
  <testcase time="1.824" classname="com.trustev.integration.TrustevClientTest" name="testGetCaseStatuses"/>
  <testcase time="0.708" classname="com.trustev.integration.TrustevClientTest" name="testGetPayment"/>
  <testcase time="0.764" classname="com.trustev.integration.TrustevClientTest" name="testUpdateCase"/>
  <testcase time="0.662" classname="com.trustev.integration.TrustevClientTest" name="testPostCustomerAddress"/>
  <testcase time="0.925" classname="com.trustev.integration.TrustevClientTest" name="testUpdateCustomer"/>
  <testcase time="0.634" classname="com.trustev.integration.TrustevClientTest" name="testUpdateCustomerAddress"/>
  <testcase time="0.642" classname="com.trustev.integration.TrustevClientTest" name="testGetSocialAccounts"/>
  <testcase time="0.649" classname="com.trustev.integration.TrustevClientTest" name="testPostTransactionAddress"/>
  <testcase time="0.596" classname="com.trustev.integration.TrustevClientTest" name="testGetCustomerAddress"/>
  <testcase time="0.415" classname="com.trustev.integration.TrustevClientTest" name="testGetCaseIncorrectCaseId"/>
  <testcase time="0.656" classname="com.trustev.integration.TrustevClientTest" name="testPostSocialAccount"/>
  <testcase time="0.638" classname="com.trustev.integration.TrustevClientTest" name="testPostPayment"/>
  <testcase time="0.649" classname="com.trustev.integration.TrustevClientTest" name="testGetTransactionItem"/>
  <testcase time="0.672" classname="com.trustev.integration.TrustevClientTest" name="testGetTransaction"/>
  <testcase time="0.659" classname="com.trustev.integration.TrustevClientTest" name="testUpdateSocialAccount"/>
  <testcase time="0.653" classname="com.trustev.integration.TrustevClientTest" name="testUpdateTransaction"/>
  <testcase time="0.655" classname="com.trustev.integration.TrustevClientTest" name="testGetSocialAccount"/>
  <testcase time="0.586" classname="com.trustev.integration.TrustevClientTest" name="testGetTransactionAddress"/>
  <testcase time="0.64" classname="com.trustev.integration.TrustevClientTest" name="testGetTransactionAddresseses"/>
  <testcase time="0.6" classname="com.trustev.integration.TrustevClientTest" name="testUpdateTransactionAddress"/>
  <testcase time="0.652" classname="com.trustev.integration.TrustevClientTest" name="testUpdatePayment"/>
  <testcase time="0.79" classname="com.trustev.integration.TrustevClientTest" name="testUpdateTransactionItem"/>
  <testcase time="0.854" classname="com.trustev.integration.TrustevClientTest" name="testGetDecision"/>
  <testcase time="1.643" classname="com.trustev.integration.TrustevClientTest" name="testPostCaseStatus"/>
  <testcase time="0.637" classname="com.trustev.integration.TrustevClientTest" name="testGetCustomerAddresses"/>
  <testcase time="0.626" classname="com.trustev.integration.TrustevClientTest" name="testGetCustomer"/>
  <testcase time="0.621" classname="com.trustev.integration.TrustevClientTest" name="testGetPayments"/>
  <testcase time="0.652" classname="com.trustev.integration.TrustevClientTest" name="testPostTransactionItem"/>
  <testcase time="0.657" classname="com.trustev.integration.TrustevClientTest" name="testPostCustomer"/>
  <testcase time="0.392" classname="com.trustev.integration.TrustevClientTest" name="testAddCase"/>
  <testcase time="0.644" classname="com.trustev.integration.TrustevClientTest" name="testGetEmails"/>
  <testcase time="0.632" classname="com.trustev.integration.TrustevClientTest" name="testGetCase"/>
  <testcase time="0.592" classname="com.trustev.integration.TrustevClientTest" name="testGetEmail"/>
  <testcase time="0.747" classname="com.trustev.integration.TrustevClientTest" name="testPostEmail"/>
</testsuite>